[up 14.53s] ds-identify 
policy loaded: mode=search report=false found=all maybe=all notfound=disabled
/etc/cloud/cloud.cfg.d/90_dpkg.cfg set datasource_list: [ NoCloud, AltCloud, ConfigDrive, OpenStack, CloudStack, DigitalOcean,  Ec2, MAAS, OVF, GCE, None ]
DMI_PRODUCT_NAME=SYS-3U12SLKE-SSDJL-OS017
DMI_SYS_VENDOR=Supermicro
DMI_PRODUCT_SERIAL=A245369X6800979
DMI_PRODUCT_UUID=00000000-0000-0000-0000-0cc47a841c82
PID_1_PRODUCT_NAME=unavailable
DMI_CHASSIS_ASSET_TAG=To be filled by O.E.M.
FS_LABELS=EFI_SYSPART,swap-sda3,config-2,EFI_SYSPART,swap-sdb3,/
ISO9660_DEVS=/dev/sda4=config-2
KERNEL_CMDLINE=BOOT_IMAGE=/boot/vmlinuz-4.19.0-9-amd64 root=UUID=caaaa916-c2da-4f49-8d93-08954e025c1e ro vga=normal nomodeset modprobe.blacklist=btrfs
VIRT=none
UNAME_KERNEL_NAME=Linux
UNAME_KERNEL_RELEASE=4.19.0-9-amd64
UNAME_KERNEL_VERSION=#1 SMP Debian 4.19.118-2 (2020-04-29)
UNAME_MACHINE=x86_64
UNAME_NODENAME=packer-output-6c4d6372-f112-4ad7-8cc7-7e3a22339bff
UNAME_OPERATING_SYSTEM=GNU/Linux
DSNAME=
DSLIST=NoCloud AltCloud ConfigDrive OpenStack CloudStack DigitalOcean Ec2 MAAS OVF GCE None
MODE=search
ON_FOUND=all
ON_MAYBE=all
ON_NOTFOUND=disabled
pid=356 ppid=337
is_container=false
is_ds_enabled(IBMCloud) = false.
check for 'ConfigDrive' returned found
is_ds_enabled(IBMCloud) = false.
ec2 platform is 'Unknown'.
Found single datasource: ConfigDrive
[up 15.16s] returning 0
